<?xml version="1.0" encoding="UTF-8"?>
<!-- Generated by org.testng.reporters.JUnitXMLReporter -->
<testsuite hostname="IE3PLT265L5S2" ignored="0" name="ChromeBrowser" tests="4" failures="1" timestamp="25 Feb 2019 13:04:32 GMT" time="33.367" errors="0">
  <testcase name="verifyFlipKartHomePage" time="0.318" classname="com.flipkarttests.HomeTest"/>
  <testcase name="verifyLoginWithValidCredentials" time="5.593" classname="com.flipkarttests.HomeTest"/>
  <testcase name="verifySearchProduct" time="6.061" classname="com.flipkarttests.HomeTest"/>
  <testcase name="verifyAddMostReviewedProductToCart" time="10.046" classname="com.flipkarttests.HomeTest">
    <failure type="java.lang.IndexOutOfBoundsException" message="Index: 1, Size: 0">
      <![CDATA[java.lang.IndexOutOfBoundsException: Index: 1, Size: 0
	at java.util.ArrayList.rangeCheck(Unknown Source)
	at java.util.ArrayList.get(Unknown Source)
	at com.flipkarttests.HomeTest.verifyAddMostReviewedProductToCart(HomeTest.java:173)
... Removed 25 stack frames]]>
    </failure>
  </testcase> <!-- verifyAddMostReviewedProductToCart -->
</testsuite> <!-- ChromeBrowser -->
